2022-07-05 12:57:20 info Install Datenstrom Yellow 0.8.20, PHP 8.1.7, nginx 1.14.2, Linux
2022-07-05 12:57:20 info Install extension 'English 0.8.32'
2022-07-05 12:57:20 info Install extension 'German 0.8.32'
2022-07-05 12:57:20 info Install extension 'Swedish 0.8.32'
2022-07-05 12:57:51 info Add user 'Pablo'
2022-07-05 13:07:35 info Install extension 'Blog 0.8.19'
2022-07-05 13:12:51 error Can't parse file 'system/extensions/core.php'!
2022-07-05 13:12:51 error Can't parse file 'system/extensions/core.php'!
2022-07-05 13:12:52 error Can't parse file 'system/extensions/core.php'!
2022-07-05 13:12:52 error Can't parse file 'system/extensions/core.php'!
2022-07-05 13:12:52 error Can't parse file 'system/extensions/core.php'!
2022-07-05 13:12:52 error Can't parse file 'system/extensions/core.php'!
2022-07-05 13:12:53 error Can't parse file 'system/extensions/core.php'!
2022-07-05 13:12:53 error Can't parse file 'system/extensions/core.php'!
2022-07-05 13:12:53 error Can't parse file 'system/extensions/core.php'!
2022-07-05 13:12:53 error Can't parse file 'system/extensions/core.php'!
2022-07-05 13:12:54 error Can't parse file 'system/extensions/core.php'!
2022-07-05 13:12:54 error Can't parse file 'system/extensions/core.php'!
2022-07-05 13:12:54 error Can't parse file 'system/extensions/core.php'!
2022-07-05 13:12:54 error Can't parse file 'system/extensions/core.php'!
2022-07-05 13:12:54 error Can't parse file 'system/extensions/core.php'!
2022-07-05 13:12:55 error Can't parse file 'system/extensions/core.php'!
2022-07-05 07:12:05 error Can't parse file 'system/extensions/core.php'!
2022-07-05 07:12:05 error Can't parse file 'system/extensions/core.php'!
2022-07-05 07:12:05 error Can't parse file 'system/extensions/core.php'!
2022-07-05 07:12:05 error Can't parse file 'system/extensions/core.php'!
2022-07-05 07:12:05 error Can't parse file 'system/extensions/core.php'!
2022-07-05 07:12:05 error Can't parse file 'system/extensions/core.php'!
2022-07-05 07:12:05 error Can't parse file 'system/extensions/core.php'!
2022-07-05 07:12:05 error Can't parse file 'system/extensions/core.php'!
2022-07-05 07:43:28 error Can't parse file 'system/extensions/core.php'!
2022-07-05 07:43:28 error Can't parse file 'system/extensions/core.php'!
2022-07-05 07:43:29 error Can't parse file 'system/extensions/core.php'!
2022-07-05 07:43:29 error Can't parse file 'system/extensions/core.php'!
2022-07-05 07:43:29 error Can't parse file 'system/extensions/core.php'!
2022-07-05 07:43:29 error Can't parse file 'system/extensions/core.php'!
2022-07-05 07:43:30 error Can't parse file 'system/extensions/core.php'!
2022-07-05 07:43:30 error Can't parse file 'system/extensions/core.php'!
2022-07-05 07:43:30 error Can't parse file 'system/extensions/core.php'!
2022-07-05 07:43:31 error Can't parse file 'system/extensions/core.php'!
2022-07-05 07:43:31 error Can't parse file 'system/extensions/core.php'!
2022-07-05 07:43:31 error Can't parse file 'system/extensions/core.php'!
2022-07-05 07:43:31 error Can't parse file 'system/extensions/core.php'!
2022-07-05 07:43:32 error Can't parse file 'system/extensions/core.php'!
2022-07-05 07:43:32 error Can't parse file 'system/extensions/core.php'!
2022-07-05 07:43:32 error Can't parse file 'system/extensions/core.php'!
2022-07-05 07:43:32 error Can't parse file 'system/extensions/core.php'!
2022-07-05 08:31:09 error Can't parse file 'system/extensions/core.php'!
2022-07-05 08:31:09 error Can't parse file 'system/extensions/core.php'!
2022-07-05 08:31:09 error Can't parse file 'system/extensions/core.php'!
2022-07-05 08:31:09 error Can't parse file 'system/extensions/core.php'!
2022-07-05 08:31:10 error Can't parse file 'system/extensions/core.php'!
2022-07-05 08:31:10 error Can't parse file 'system/extensions/core.php'!
2022-07-05 08:31:10 error Can't parse file 'system/extensions/core.php'!
2022-07-05 08:31:10 error Can't parse file 'system/extensions/core.php'!
2022-07-05 08:31:10 error Can't parse file 'system/extensions/core.php'!
2022-07-05 08:31:10 error Can't parse file 'system/extensions/core.php'!
2022-07-05 08:31:10 error Can't parse file 'system/extensions/core.php'!
2022-07-05 08:31:10 error Can't parse file 'system/extensions/core.php'!
2022-07-05 08:31:11 error Can't parse file 'system/extensions/core.php'!
2022-07-05 08:31:11 error Can't parse file 'system/extensions/core.php'!
2022-07-05 08:31:11 error Can't parse file 'system/extensions/core.php'!
2022-07-05 08:31:11 error Can't parse file 'system/extensions/core.php'!
2022-07-05 08:31:11 error Can't parse file 'system/extensions/core.php'!
2022-07-05 08:34:18 error Can't parse file 'system/extensions/core.php'!
2022-07-05 08:43:50 error Can't parse file 'system/extensions/core.php'!
2022-07-05 08:43:50 error Can't parse file 'system/extensions/core.php'!
2022-07-05 08:43:50 error Can't parse file 'system/extensions/core.php'!
2022-07-05 08:43:51 error Can't parse file 'system/extensions/core.php'!
2022-07-05 08:43:51 error Can't parse file 'system/extensions/core.php'!
2022-07-05 08:43:51 error Can't parse file 'system/extensions/core.php'!
2022-07-05 08:43:51 error Can't parse file 'system/extensions/core.php'!
2022-07-05 08:43:51 error Can't parse file 'system/extensions/core.php'!
2022-07-05 08:43:51 error Can't parse file 'system/extensions/core.php'!
2022-07-05 08:43:51 error Can't parse file 'system/extensions/core.php'!
2022-07-05 08:43:51 error Can't parse file 'system/extensions/core.php'!
2022-07-05 08:43:51 error Can't parse file 'system/extensions/core.php'!
2022-07-05 09:26:57 error Can't parse file 'system/extensions/core.php'!
2022-07-05 09:26:57 error Can't parse file 'system/extensions/core.php'!
2022-07-05 09:26:57 error Can't parse file 'system/extensions/core.php'!
2022-07-05 09:26:57 error Can't parse file 'system/extensions/core.php'!
2022-07-05 09:26:58 error Can't parse file 'system/extensions/core.php'!
2022-07-05 09:26:58 error Can't parse file 'system/extensions/core.php'!
2022-07-05 09:26:58 error Can't parse file 'system/extensions/core.php'!
2022-07-05 09:26:58 error Can't parse file 'system/extensions/core.php'!
2022-07-05 09:26:58 error Can't parse file 'system/extensions/core.php'!
2022-07-05 09:26:58 error Can't parse file 'system/extensions/core.php'!
2022-07-05 09:26:58 error Can't parse file 'system/extensions/core.php'!
2022-07-05 09:26:58 error Can't parse file 'system/extensions/core.php'!
2022-07-05 09:26:58 error Can't parse file 'system/extensions/core.php'!
2022-07-05 09:26:58 error Can't parse file 'system/extensions/core.php'!
2022-07-05 09:26:58 error Can't parse file 'system/extensions/core.php'!
2022-07-05 09:26:58 error Can't parse file 'system/extensions/core.php'!
2022-07-05 09:28:19 error Can't parse file 'system/extensions/core.php'!
2022-07-05 09:28:19 error Can't parse file 'system/extensions/core.php'!
2022-07-05 09:28:19 error Can't parse file 'system/extensions/core.php'!
2022-07-05 09:28:20 error Can't parse file 'system/extensions/core.php'!
2022-07-05 09:28:20 error Can't parse file 'system/extensions/core.php'!
2022-07-05 09:28:20 error Can't parse file 'system/extensions/core.php'!
2022-07-05 09:28:20 error Can't parse file 'system/extensions/core.php'!
2022-07-05 09:28:20 error Can't parse file 'system/extensions/core.php'!
2022-07-05 09:28:20 error Can't parse file 'system/extensions/core.php'!
2022-07-05 09:28:20 error Can't parse file 'system/extensions/core.php'!
2022-07-05 09:28:20 error Can't parse file 'system/extensions/core.php'!
2022-07-05 09:28:20 error Can't parse file 'system/extensions/core.php'!
2022-07-05 09:28:20 error Can't parse file 'system/extensions/core.php'!
2022-07-05 09:28:20 error Can't parse file 'system/extensions/core.php'!
2022-07-05 09:28:21 error Can't parse file 'system/extensions/core.php'!
2022-07-05 09:28:21 error Can't parse file 'system/extensions/core.php'!
2022-07-05 09:34:19 error Can't parse file 'system/extensions/core.php'!
2022-07-05 10:13:15 error Can't parse file 'system/extensions/core.php'!
2022-07-05 10:13:16 error Can't parse file 'system/extensions/core.php'!
2022-07-05 10:13:16 error Can't parse file 'system/extensions/core.php'!
2022-07-05 10:13:16 error Can't parse file 'system/extensions/core.php'!
2022-07-05 10:13:16 error Can't parse file 'system/extensions/core.php'!
2022-07-05 10:13:16 error Can't parse file 'system/extensions/core.php'!
2022-07-05 10:13:16 error Can't parse file 'system/extensions/core.php'!
2022-07-05 10:13:16 error Can't parse file 'system/extensions/core.php'!
2022-07-05 10:13:16 error Can't parse file 'system/extensions/core.php'!
2022-07-05 10:13:16 error Can't parse file 'system/extensions/core.php'!
2022-07-05 10:13:16 error Can't parse file 'system/extensions/core.php'!
2022-07-05 10:13:17 error Can't parse file 'system/extensions/core.php'!
2022-07-05 10:13:17 error Can't parse file 'system/extensions/core.php'!
2022-07-05 10:13:17 error Can't parse file 'system/extensions/core.php'!
2022-07-05 10:13:17 error Can't parse file 'system/extensions/core.php'!
2022-07-05 10:13:17 error Can't parse file 'system/extensions/core.php'!
2022-07-05 10:13:17 error Can't parse file 'system/extensions/core.php'!
2022-07-05 13:46:23 error Can't parse file 'system/extensions/core.php'!
2022-07-05 13:46:23 error Can't parse file 'system/extensions/core.php'!
2022-07-05 13:46:23 error Can't parse file 'system/extensions/core.php'!
2022-07-05 13:46:23 error Can't parse file 'system/extensions/core.php'!
2022-07-05 13:46:23 error Can't parse file 'system/extensions/core.php'!
2022-07-05 13:46:23 error Can't parse file 'system/extensions/core.php'!
2022-07-05 13:46:24 error Can't parse file 'system/extensions/core.php'!
2022-07-05 13:46:24 error Can't parse file 'system/extensions/core.php'!
2022-07-05 13:46:24 error Can't parse file 'system/extensions/core.php'!
2022-07-05 13:46:24 error Can't parse file 'system/extensions/core.php'!
2022-07-05 13:46:24 error Can't parse file 'system/extensions/core.php'!
2022-07-05 13:46:24 error Can't parse file 'system/extensions/core.php'!
2022-07-05 13:46:24 error Can't parse file 'system/extensions/core.php'!
2022-07-05 13:46:24 error Can't parse file 'system/extensions/core.php'!
2022-07-05 13:46:24 error Can't parse file 'system/extensions/core.php'!
2022-07-05 13:46:24 error Can't parse file 'system/extensions/core.php'!
2022-07-05 13:47:41 error Can't parse file 'system/extensions/core.php'!
2022-07-05 13:47:41 error Can't parse file 'system/extensions/core.php'!
2022-07-05 13:47:41 error Can't parse file 'system/extensions/core.php'!
2022-07-05 13:47:42 error Can't parse file 'system/extensions/core.php'!
2022-07-05 13:47:42 error Can't parse file 'system/extensions/core.php'!
2022-07-05 13:47:42 error Can't parse file 'system/extensions/core.php'!
2022-07-05 13:47:42 error Can't parse file 'system/extensions/core.php'!
2022-07-05 13:47:42 error Can't parse file 'system/extensions/core.php'!
2022-07-05 13:47:42 error Can't parse file 'system/extensions/core.php'!
2022-07-05 13:47:42 error Can't parse file 'system/extensions/core.php'!
2022-07-05 13:47:42 error Can't parse file 'system/extensions/core.php'!
2022-07-05 13:47:42 error Can't parse file 'system/extensions/core.php'!
2022-07-05 13:47:42 error Can't parse file 'system/extensions/core.php'!
2022-07-05 13:47:42 error Can't parse file 'system/extensions/core.php'!
2022-07-05 13:47:43 error Can't parse file 'system/extensions/core.php'!
2022-07-05 13:47:43 error Can't parse file 'system/extensions/core.php'!
2022-07-05 15:23:30 error Can't parse file 'system/extensions/core.php'!
2022-07-05 15:23:31 error Can't parse file 'system/extensions/core.php'!
2022-07-05 15:23:32 error Can't parse file 'system/extensions/core.php'!
2022-07-05 15:23:32 error Can't parse file 'system/extensions/core.php'!
2022-07-05 15:23:32 error Can't parse file 'system/extensions/core.php'!
2022-07-05 15:23:32 error Can't parse file 'system/extensions/core.php'!
2022-07-05 15:23:32 error Can't parse file 'system/extensions/core.php'!
2022-07-05 15:23:33 error Can't parse file 'system/extensions/core.php'!
2022-07-05 15:23:33 error Can't parse file 'system/extensions/core.php'!
2022-07-05 15:23:33 error Can't parse file 'system/extensions/core.php'!
2022-07-05 15:23:33 error Can't parse file 'system/extensions/core.php'!
2022-07-05 15:23:33 error Can't parse file 'system/extensions/core.php'!
2022-07-05 15:23:34 error Can't parse file 'system/extensions/core.php'!
2022-07-05 15:23:34 error Can't parse file 'system/extensions/core.php'!
2022-07-05 15:23:34 error Can't parse file 'system/extensions/core.php'!
2022-07-05 15:23:34 error Can't parse file 'system/extensions/core.php'!
2022-07-05 15:23:34 error Can't parse file 'system/extensions/core.php'!
2022-07-05 17:37:01 error Can't parse file 'system/extensions/core.php'!
2022-07-05 17:37:01 error Can't parse file 'system/extensions/core.php'!
2022-07-05 17:37:02 error Can't parse file 'system/extensions/core.php'!
2022-07-05 17:37:02 error Can't parse file 'system/extensions/core.php'!
2022-07-05 17:37:02 error Can't parse file 'system/extensions/core.php'!
2022-07-05 17:37:02 error Can't parse file 'system/extensions/core.php'!
2022-07-05 17:37:02 error Can't parse file 'system/extensions/core.php'!
2022-07-05 17:37:02 error Can't parse file 'system/extensions/core.php'!
2022-07-05 17:37:02 error Can't parse file 'system/extensions/core.php'!
2022-07-05 17:37:02 error Can't parse file 'system/extensions/core.php'!
2022-07-05 17:37:02 error Can't parse file 'system/extensions/core.php'!
2022-07-05 17:37:02 error Can't parse file 'system/extensions/core.php'!
2022-07-05 17:37:02 error Can't parse file 'system/extensions/core.php'!
2022-07-05 17:37:02 error Can't parse file 'system/extensions/core.php'!
2022-07-05 17:37:02 error Can't parse file 'system/extensions/core.php'!
2022-07-05 17:37:02 error Can't parse file 'system/extensions/core.php'!
2022-07-05 17:37:02 error Can't parse file 'system/extensions/core.php'!
2022-07-06 03:44:47 error Can't parse file 'system/extensions/core.php'!
2022-07-06 03:44:47 error Can't parse file 'system/extensions/core.php'!
2022-07-06 06:41:22 error Can't parse file 'system/extensions/core.php'!
2022-07-06 06:41:23 error Can't parse file 'system/extensions/core.php'!
2022-07-06 06:41:23 error Can't parse file 'system/extensions/core.php'!
2022-07-06 06:41:23 error Can't parse file 'system/extensions/core.php'!
2022-07-06 06:41:23 error Can't parse file 'system/extensions/core.php'!
2022-07-06 06:41:23 error Can't parse file 'system/extensions/core.php'!
2022-07-06 06:41:23 error Can't parse file 'system/extensions/core.php'!
2022-07-06 06:41:23 error Can't parse file 'system/extensions/core.php'!
2022-07-06 06:41:24 error Can't parse file 'system/extensions/core.php'!
2022-07-06 06:41:24 error Can't parse file 'system/extensions/core.php'!
2022-07-06 06:41:24 error Can't parse file 'system/extensions/core.php'!
2022-07-06 06:41:24 error Can't parse file 'system/extensions/core.php'!
2022-07-06 06:41:24 error Can't parse file 'system/extensions/core.php'!
2022-07-06 06:41:24 error Can't parse file 'system/extensions/core.php'!
2022-07-06 06:41:25 error Can't parse file 'system/extensions/core.php'!
2022-07-06 06:41:25 error Can't parse file 'system/extensions/core.php'!
2022-07-06 06:41:25 error Can't parse file 'system/extensions/core.php'!
2022-07-06 08:08:33 error Can't parse file 'system/extensions/core.php'!
2022-07-06 09:08:35 error Can't parse file 'system/extensions/core.php'!
2022-07-06 21:46:47 error Can't parse file 'system/extensions/core.php'!
2022-07-06 21:46:48 error Can't parse file 'system/extensions/core.php'!
2022-07-06 21:46:48 error Can't parse file 'system/extensions/core.php'!
2022-07-06 21:46:48 error Can't parse file 'system/extensions/core.php'!
2022-07-06 21:46:49 error Can't parse file 'system/extensions/core.php'!
2022-07-06 21:46:49 error Can't parse file 'system/extensions/core.php'!
2022-07-06 21:46:49 error Can't parse file 'system/extensions/core.php'!
2022-07-06 21:46:49 error Can't parse file 'system/extensions/core.php'!
2022-07-06 21:46:49 error Can't parse file 'system/extensions/core.php'!
2022-07-06 21:46:50 error Can't parse file 'system/extensions/core.php'!
2022-07-06 21:46:50 error Can't parse file 'system/extensions/core.php'!
2022-07-06 21:46:50 error Can't parse file 'system/extensions/core.php'!
2022-07-06 21:46:50 error Can't parse file 'system/extensions/core.php'!
2022-07-06 21:46:50 error Can't parse file 'system/extensions/core.php'!
2022-07-06 21:46:51 error Can't parse file 'system/extensions/core.php'!
2022-07-06 21:46:51 error Can't parse file 'system/extensions/core.php'!
2022-07-06 21:46:51 error Can't parse file 'system/extensions/core.php'!
2022-07-07 01:35:47 error Can't parse file 'system/extensions/core.php'!
2022-07-07 01:35:47 error Can't parse file 'system/extensions/core.php'!
2022-07-07 01:35:47 error Can't parse file 'system/extensions/core.php'!
2022-07-07 01:35:47 error Can't parse file 'system/extensions/core.php'!
2022-07-07 01:35:47 error Can't parse file 'system/extensions/core.php'!
2022-07-07 01:35:48 error Can't parse file 'system/extensions/core.php'!
2022-07-07 01:35:48 error Can't parse file 'system/extensions/core.php'!
2022-07-07 01:35:48 error Can't parse file 'system/extensions/core.php'!
2022-07-07 01:35:48 error Can't parse file 'system/extensions/core.php'!
2022-07-07 01:35:48 error Can't parse file 'system/extensions/core.php'!
2022-07-07 01:35:48 error Can't parse file 'system/extensions/core.php'!
2022-07-07 01:35:48 error Can't parse file 'system/extensions/core.php'!
2022-07-07 01:35:48 error Can't parse file 'system/extensions/core.php'!
2022-07-07 01:38:15 error Can't parse file 'system/extensions/core.php'!
2022-07-07 01:38:16 error Can't parse file 'system/extensions/core.php'!
2022-07-07 01:38:16 error Can't parse file 'system/extensions/core.php'!
2022-07-07 01:38:17 error Can't parse file 'system/extensions/core.php'!
2022-07-07 01:38:17 error Can't parse file 'system/extensions/core.php'!
2022-07-07 01:38:17 error Can't parse file 'system/extensions/core.php'!
2022-07-07 01:38:17 error Can't parse file 'system/extensions/core.php'!
2022-07-07 01:38:18 error Can't parse file 'system/extensions/core.php'!
2022-07-07 01:38:18 error Can't parse file 'system/extensions/core.php'!
2022-07-07 01:38:18 error Can't parse file 'system/extensions/core.php'!
2022-07-07 01:38:19 error Can't parse file 'system/extensions/core.php'!
2022-07-07 01:38:19 error Can't parse file 'system/extensions/core.php'!
2022-07-07 01:38:19 error Can't parse file 'system/extensions/core.php'!
2022-07-07 01:38:19 error Can't parse file 'system/extensions/core.php'!
2022-07-07 01:38:20 error Can't parse file 'system/extensions/core.php'!
2022-07-07 01:38:20 error Can't parse file 'system/extensions/core.php'!
2022-07-07 01:38:20 error Can't parse file 'system/extensions/core.php'!
2022-07-07 03:33:38 error Can't parse file 'system/extensions/core.php'!
2022-07-07 06:06:36 error Can't parse file 'system/extensions/core.php'!
2022-07-07 06:06:37 error Can't parse file 'system/extensions/core.php'!
2022-07-07 06:06:37 error Can't parse file 'system/extensions/core.php'!
2022-07-07 06:06:37 error Can't parse file 'system/extensions/core.php'!
2022-07-07 06:06:37 error Can't parse file 'system/extensions/core.php'!
2022-07-07 06:06:37 error Can't parse file 'system/extensions/core.php'!
2022-07-07 06:06:37 error Can't parse file 'system/extensions/core.php'!
2022-07-07 06:06:37 error Can't parse file 'system/extensions/core.php'!
2022-07-07 06:06:37 error Can't parse file 'system/extensions/core.php'!
2022-07-07 06:06:37 error Can't parse file 'system/extensions/core.php'!
2022-07-07 06:06:37 error Can't parse file 'system/extensions/core.php'!
2022-07-07 06:06:37 error Can't parse file 'system/extensions/core.php'!
2022-07-07 06:06:38 error Can't parse file 'system/extensions/core.php'!
2022-07-07 06:06:38 error Can't parse file 'system/extensions/core.php'!
2022-07-07 06:06:38 error Can't parse file 'system/extensions/core.php'!
2022-07-07 06:06:38 error Can't parse file 'system/extensions/core.php'!
2022-07-07 06:06:38 error Can't parse file 'system/extensions/core.php'!
2022-07-07 07:27:10 error Can't parse file 'system/extensions/core.php'!
2022-07-07 07:27:10 error Can't parse file 'system/extensions/core.php'!
2022-07-07 07:27:11 error Can't parse file 'system/extensions/core.php'!
2022-07-07 07:27:11 error Can't parse file 'system/extensions/core.php'!
2022-07-07 07:27:11 error Can't parse file 'system/extensions/core.php'!
2022-07-07 07:27:11 error Can't parse file 'system/extensions/core.php'!
2022-07-07 07:27:11 error Can't parse file 'system/extensions/core.php'!
2022-07-07 07:27:11 error Can't parse file 'system/extensions/core.php'!
2022-07-07 07:27:11 error Can't parse file 'system/extensions/core.php'!
2022-07-07 07:27:11 error Can't parse file 'system/extensions/core.php'!
2022-07-07 07:27:11 error Can't parse file 'system/extensions/core.php'!
2022-07-07 07:27:12 error Can't parse file 'system/extensions/core.php'!
2022-07-07 07:27:12 error Can't parse file 'system/extensions/core.php'!
2022-07-07 07:59:53 error Can't parse file 'system/extensions/core.php'!
2022-07-07 09:03:40 error Can't parse file 'system/extensions/core.php'!
2022-07-07 11:11:00 error Can't parse file 'system/extensions/core.php'!
2022-07-07 11:11:00 error Can't parse file 'system/extensions/core.php'!
2022-07-07 11:11:00 error Can't parse file 'system/extensions/core.php'!
2022-07-07 11:11:00 error Can't parse file 'system/extensions/core.php'!
2022-07-07 11:11:01 error Can't parse file 'system/extensions/core.php'!
2022-07-07 11:11:01 error Can't parse file 'system/extensions/core.php'!
2022-07-07 11:11:01 error Can't parse file 'system/extensions/core.php'!
2022-07-07 11:11:01 error Can't parse file 'system/extensions/core.php'!
2022-07-07 11:11:01 error Can't parse file 'system/extensions/core.php'!
2022-07-07 11:11:01 error Can't parse file 'system/extensions/core.php'!
2022-07-07 11:11:01 error Can't parse file 'system/extensions/core.php'!
2022-07-07 11:11:01 error Can't parse file 'system/extensions/core.php'!
2022-07-07 12:59:17 error Can't parse file 'system/extensions/core.php'!
2022-07-07 12:59:17 error Can't parse file 'system/extensions/core.php'!
2022-07-07 12:59:17 error Can't parse file 'system/extensions/core.php'!
2022-07-07 12:59:17 error Can't parse file 'system/extensions/core.php'!
2022-07-07 12:59:17 error Can't parse file 'system/extensions/core.php'!
2022-07-07 12:59:17 error Can't parse file 'system/extensions/core.php'!
2022-07-07 12:59:17 error Can't parse file 'system/extensions/core.php'!
2022-07-07 12:59:17 error Can't parse file 'system/extensions/core.php'!
2022-07-07 12:59:17 error Can't parse file 'system/extensions/core.php'!
2022-07-07 12:59:18 error Can't parse file 'system/extensions/core.php'!
2022-07-07 12:59:18 error Can't parse file 'system/extensions/core.php'!
2022-07-07 12:59:18 error Can't parse file 'system/extensions/core.php'!
2022-07-07 12:59:18 error Can't parse file 'system/extensions/core.php'!
2022-07-07 12:59:18 error Can't parse file 'system/extensions/core.php'!
2022-07-07 12:59:18 error Can't parse file 'system/extensions/core.php'!
2022-07-07 12:59:18 error Can't parse file 'system/extensions/core.php'!
2022-07-07 12:59:18 error Can't parse file 'system/extensions/core.php'!
2022-07-07 16:11:46 error Can't parse file 'system/extensions/core.php'!
2022-07-07 16:11:46 error Can't parse file 'system/extensions/core.php'!
2022-07-07 16:11:47 error Can't parse file 'system/extensions/core.php'!
2022-07-07 16:11:47 error Can't parse file 'system/extensions/core.php'!
2022-07-07 16:11:47 error Can't parse file 'system/extensions/core.php'!
2022-07-07 16:11:47 error Can't parse file 'system/extensions/core.php'!
2022-07-07 16:11:48 error Can't parse file 'system/extensions/core.php'!
2022-07-07 16:11:48 error Can't parse file 'system/extensions/core.php'!
2022-07-07 16:11:48 error Can't parse file 'system/extensions/core.php'!
2022-07-07 16:11:48 error Can't parse file 'system/extensions/core.php'!
2022-07-07 16:11:49 error Can't parse file 'system/extensions/core.php'!
2022-07-07 16:11:49 error Can't parse file 'system/extensions/core.php'!
2022-07-07 16:11:50 error Can't parse file 'system/extensions/core.php'!
2022-07-07 16:11:50 error Can't parse file 'system/extensions/core.php'!
2022-07-07 16:11:50 error Can't parse file 'system/extensions/core.php'!
2022-07-07 16:11:50 error Can't parse file 'system/extensions/core.php'!
2022-07-07 16:11:51 error Can't parse file 'system/extensions/core.php'!
2022-07-07 16:47:24 error Can't parse file 'system/extensions/core.php'!
2022-07-07 16:47:25 error Can't parse file 'system/extensions/core.php'!
2022-07-07 16:47:25 error Can't parse file 'system/extensions/core.php'!
2022-07-07 16:47:26 error Can't parse file 'system/extensions/core.php'!
2022-07-07 16:47:26 error Can't parse file 'system/extensions/core.php'!
2022-07-07 16:47:26 error Can't parse file 'system/extensions/core.php'!
2022-07-07 16:47:26 error Can't parse file 'system/extensions/core.php'!
2022-07-07 16:47:27 error Can't parse file 'system/extensions/core.php'!
2022-07-07 16:47:27 error Can't parse file 'system/extensions/core.php'!
2022-07-07 16:47:27 error Can't parse file 'system/extensions/core.php'!
2022-07-07 16:47:28 error Can't parse file 'system/extensions/core.php'!
2022-07-07 16:47:28 error Can't parse file 'system/extensions/core.php'!
2022-07-07 16:47:28 error Can't parse file 'system/extensions/core.php'!
2022-07-07 16:47:28 error Can't parse file 'system/extensions/core.php'!
2022-07-07 16:47:29 error Can't parse file 'system/extensions/core.php'!
2022-07-07 16:47:29 error Can't parse file 'system/extensions/core.php'!
2022-07-07 16:47:29 error Can't parse file 'system/extensions/core.php'!
2022-07-07 18:04:10 error Can't parse file 'system/extensions/core.php'!
2022-07-07 19:17:40 error Can't parse file 'system/extensions/core.php'!
2022-07-07 19:23:56 error Can't parse file 'system/extensions/core.php'!
2022-07-07 19:42:59 error Can't parse file 'system/extensions/core.php'!
2022-07-07 19:43:00 error Can't parse file 'system/extensions/core.php'!
2022-07-07 19:43:00 error Can't parse file 'system/extensions/core.php'!
2022-07-07 19:43:00 error Can't parse file 'system/extensions/core.php'!
2022-07-07 19:43:00 error Can't parse file 'system/extensions/core.php'!
2022-07-07 19:43:00 error Can't parse file 'system/extensions/core.php'!
2022-07-07 19:43:00 error Can't parse file 'system/extensions/core.php'!
2022-07-07 19:43:01 error Can't parse file 'system/extensions/core.php'!
2022-07-07 19:43:01 error Can't parse file 'system/extensions/core.php'!
2022-07-07 19:43:01 error Can't parse file 'system/extensions/core.php'!
2022-07-07 19:43:01 error Can't parse file 'system/extensions/core.php'!
2022-07-07 19:43:01 error Can't parse file 'system/extensions/core.php'!
2022-07-07 19:43:01 error Can't parse file 'system/extensions/core.php'!
2022-07-07 19:43:02 error Can't parse file 'system/extensions/core.php'!
2022-07-07 19:43:02 error Can't parse file 'system/extensions/core.php'!
2022-07-07 19:43:02 error Can't parse file 'system/extensions/core.php'!
2022-07-07 22:37:19 error Can't parse file 'system/extensions/core.php'!
